*** Using Compiler 'V5.06 update 5 (build 528)', folder: 'D:\keil 5\ARM\ARMCC\Bin'
Build target 'm3508_test'
compiling FSM.c...
..\robocon_robot\MoveBase.h(94): warning:  #1-D: last line of file ends without a newline
  							
..\robocon_robot\FSM.c(729): warning:  #1035-D: single-precision operand implicitly converted to double-precision
  			if(moving_point_track(SeedlingPUT_X[2]-0.5, ROBOT_REAL_POS_DATA.POS_Y, 0.0f,1.0f))
..\robocon_robot\FSM.c(746): warning:  #1035-D: single-precision operand implicitly converted to double-precision
  			if(chassis_TrapezoidPlaning(SeedlingPUT_X[2]-0.5, SeedlingPUT_Y[2],SeedlingTAKE_X[3], SeedlingTAKE_Y[3],0,0.5f,0.2f,1.2f,0.3,0.3))
..\robocon_robot\FSM.c(794): warning:  #1035-D: single-precision operand implicitly converted to double-precision
  			if(moving_point_track(SeedlingPUT_X[3]-0.5, ROBOT_REAL_POS_DATA.POS_Y, 0.0f,1.0f))
..\robocon_robot\FSM.c(808): warning:  #1035-D: single-precision operand implicitly converted to double-precision
  			if(chassis_TrapezoidPlaning(SeedlingPUT_X[3]-0.5, SeedlingPUT_Y[3],SeedlingTAKE_X[4], SeedlingTAKE_Y[4],0,0.2f,0.2f,1.2f,0.3,0.4))
..\robocon_robot\FSM.c(846): warning:  #1035-D: single-precision operand implicitly converted to double-precision
  			if(moving_point_track(SeedlingPUT_X[4]-0.5, ROBOT_REAL_POS_DATA.POS_Y, 0.0f,1.0f))
..\robocon_robot\FSM.c(863): warning:  #1035-D: single-precision operand implicitly converted to double-precision
  			if(chassis_TrapezoidPlaning(SeedlingPUT_X[4]-0.5,SeedlingPUT_Y[4],SeedlingTAKE_X[5],SeedlingTAKE_Y[5],0,0.2f,0.2f,1.2f,0.3,0.3))
..\robocon_robot\FSM.c(896): warning:  #1035-D: single-precision operand implicitly converted to double-precision
  			if(moving_point_track(SeedlingPUT_X[5]-0.5, ROBOT_REAL_POS_DATA.POS_Y, 0.0f,1.0f))
..\robocon_robot\FSM.c(912): warning:  #1035-D: single-precision operand implicitly converted to double-precision
  			if(chassis_TrapezoidPlaning(SeedlingPUT_X[5]-0.5,SeedlingPUT_Y[5],SeedlingTAKE_X[6],SeedlingTAKE_Y[6],0,0.2f,0.2f,1.2f,0.3,0.4))
..\robocon_robot\FSM.c(949): warning:  #1035-D: single-precision operand implicitly converted to double-precision
  			if(moving_point_track(SeedlingPUT_X[6]-0.5, ROBOT_REAL_POS_DATA.POS_Y, 0.0f,1.0f))
..\robocon_robot\FSM.c(1003): warning:  #1035-D: single-precision operand implicitly converted to double-precision
  			if(moving_point_track(SeedlingPUT_X[7]-0.5, ROBOT_REAL_POS_DATA.POS_Y, 0.0f,1.0f))
..\robocon_robot\FSM.c(1018): warning:  #1035-D: single-precision operand implicitly converted to double-precision
  			if(chassis_TrapezoidPlaning(SeedlingPUT_X[7]-0.5,SeedlingPUT_Y[7],SeedlingTAKE_X[8],SeedlingTAKE_Y[8],0,0.2f,0.2f,1.2f,0.3,0.4))
..\robocon_robot\FSM.c(1055): warning:  #1035-D: single-precision operand implicitly converted to double-precision
  			if(moving_point_track(SeedlingPUT_X[8]-0.5, ROBOT_REAL_POS_DATA.POS_Y, 0.0f,1.0f))
..\robocon_robot\FSM.c(1072): warning:  #1035-D: single-precision operand implicitly converted to double-precision
  			if(chassis_TrapezoidPlaning(SeedlingPUT_X[8]-0.5,SeedlingPUT_Y[8],SeedlingTAKE_X[9],SeedlingTAKE_Y[9],0,0.2f,0.2,1.2f,0.3,0.3))
..\robocon_robot\FSM.c(1109): warning:  #1035-D: single-precision operand implicitly converted to double-precision
  			if(moving_point_track(SeedlingPUT_X[9]-0.5, ROBOT_REAL_POS_DATA.POS_Y, 0.0f,1.0f))
..\robocon_robot\FSM.c(1126): warning:  #1035-D: single-precision operand implicitly converted to double-precision
  			if(chassis_TrapezoidPlaning(SeedlingPUT_X[9]-0.5,SeedlingPUT_Y[9],SeedlingTAKE_X[10],SeedlingTAKE_Y[10],0,0.2f,0.2,1.2f,0.3,0.4))
..\robocon_robot\FSM.c(1163): warning:  #1035-D: single-precision operand implicitly converted to double-precision
  			if(moving_point_track(SeedlingPUT_X[10]-0.5, ROBOT_REAL_POS_DATA.POS_Y, 0.0f,1.0f))
..\robocon_robot\FSM.c(1180): warning:  #1035-D: single-precision operand implicitly converted to double-precision
  			if(chassis_TrapezoidPlaning(SeedlingPUT_X[10]-0.5,SeedlingPUT_Y[10],SeedlingTAKE_X[11],SeedlingTAKE_Y[11],0,0.2f,0.2,1.2f,0.3,0.3))
..\robocon_robot\FSM.c(1217): warning:  #1035-D: single-precision operand implicitly converted to double-precision
  			if(moving_point_track(SeedlingPUT_X[11]-0.5, ROBOT_REAL_POS_DATA.POS_Y, 0.0f,1.0f))
..\robocon_robot\FSM.c: 19 warnings, 0 errors
linking...
Program Size: Code=53340 RO-data=944 RW-data=1744 ZI-data=24592  
FromELF: creating hex file...
"m3508_test\m3508_test.axf" - 0 Error(s), 19 Warning(s).
Build Time Elapsed:  00:00:03
